A0A0A1GNF2
A0A0A1H8I4
A0A0A7EPL0
A0A0H2VDN9
A0A0H3JQ59
A0A0H3MDW1
A0A1F4
A0A8M2
A0AV96
A0AVK6
A0AVX7
A0FGR8
A0KYQ7
A0MZ67
A0P8X0
A0PJX0
A0QJI1
A0QXD9
A0QXE4
A0QYB5
A0QZ11
A0R5Z0
A0R6D0
A1A278
A1ADJ6
A1C3L9
A1E959
A1L020
A1RVM8
A1X283
A1YV58
A1Z0M0
A1Z6E0
A1Z7T0
A1Z8P9
A1ZA47
A1ZBW7
A2AG06
A2AH22
A2ALU4
A2AQ25
A2ARP9
A2AUM9
A2RIH3
A2RKV5
A2RM05
A2RU30
A2T2X4
A2VDJ0
A3DHD2
A3DIJ8
A3E7Z6
A3LZU8
A3MTK6
A4GVE9
A4L7R7
A4LBC0
A4Q9E5
A4Q9F0
A4Q9F3
A4QFQ3
A4VFY3
A4ZDL6
A5D8V6
A5F5X0
A5FB63
A5HZ59
A6H8H2
A6ND36
A6NHG4
A6NIX2
A6PWV3
A6Q0K5
A6YCJ2
A7LXS9
A7LXT0
A7LXT4
A7LXT5
A7LXT7
A7M7C7
A7UDM9
A7UNK4
A7XGN8
A7XQ02
A7Y7W2
A8CL69
A8CVF3
A8E283
A8ICS9
A8J666
A8J6X7
A8JAM0
A8JR14
A8JUV0
A8K830
A8K8P3
A8MT69
A8MTZ0
A8MXD5
A8NS89
A8QW52
A8R0V4
A8RG82
A9A1T2
A9CH39
A9D857
A9LLI7
A9UGV5
A9UGV6
A9UGV7
A9WC34
B0BK71
B1B3P3
B1N1A2
B1Q2A8
B2IZD3
B2MVM5
B2RBV5
B2RPY5
B2ZRS9
B3A0M3
B3EWQ2
B3EWQ3
B3EWR1
B3EWR6
B3EWY2
B3FN88
B3H2N1
B3H5J1
B3LF48
B3STP1
B3VA59
B5A9T1
B5APK2
B5L3X1
B5LUQ9
B5X582
B6F1W5
B6JUP5
B6KG46
B6VQA5
B7F8P5
B7GPC7
B7SBD2
B7U179
B7XDF1
B8GWS7
B8H610
B8LIX8
B9A064
B9DFG3
B9I2J6
B9J8S0
B9W4V6
C0HJF7
C0HJJ0
C0LU16
C0SVM5
C3JAQ3
C3VPR6
C4M1E4
C4NZN9
C4R8D7
C4ULG3
C5B135
C5B138
C6CRV0
C6FX52
C6XZB6
C7AU21
C7BKP9
C7C422
C7DLJ6
C7J2Z1
C7PLM6
C7QJ42
C7SFP6
C8YR32
D0B707
D0QMC3
D0VYS2
D0ZPH9
D1KF50
D2Z024
D2Z025
D2Z030
D2ZZC1
D3JTC1
D3JV03
D3KCC4
D3KYU2
D3KYU3
D3KZG3
D3VML5
D3YXK2
D3Z7P3
D3Z8E6
D3ZEN0
D3ZHV2
D4G3R4
D4GUF6
D4GYH4
D4N4Z9
D4P3R7
D5AQY7
D5AQY8
D5CBA0
D5FKJ3
D5MP61
D5WYQ5
D7GXG0
D7SFH9
D7UNT2
E0SDG8
E0ZS46
E0ZS48
E1BUG7
E1V7W0
E1XUJ2
E2GIN1
E2JF22
E3PQQ8
E5KCJ8
E5KIB6
E5KIB9
E5KIC0
E6Z0R3
E6Z0R4
E7FKV8
E8MF12
E9K9Z1
E9PXT9
E9Q557
E9Q612
E9Q6B2
E9Q9F6
F0E1K6
F1N9S8
F1R5H6
F1SPM8
F2JXJ3
F2YMG0
F4HPA7
F4HPR5
F4HQA1
F4HRI2
F4HRT5
F4HVG8
F4HWQ8
F4HX15
F4HXQ7
F4I171
F4I340
F4I3Z5
F4I443
F4I4P3
F4IAT2
F4IHY7
F4IIU4
F4IP13
F4IQJ2
F4IRQ5
F4IVL6
F4IXJ7
F4J117
F4J3T8
F4J7T3
F4JAA5
F4JGZ1
F4JI44
F4JKB6
F4JQZ3
F4JTE7
F4JW79
F4JY37
F4K0C4
F4K2E9
F4K2R6
F4K3G5
F4K460
F4K4J0
F4KAF2
F4KBF5
F4KF14
F4KF27
F4ZCI3
F5A894
F5HCV3
F6TQD1
F6ZDS4
F7J1C8
F8J4S0
F8W4H9
F9RBV9
G0L322
G2NFJ9
G3UVW3
G3XD01
G3XD23
G4V4T5
G5EEH9
G5EEM5
G5EEV9
G5EG51
G5EGD2
G8JZS4
G8JZS6
H0YL14
H2KZ72
H2KZB2
H2L0N8
H6D7E6
H8ZPX1
H9IUR0
H9N290
H9N291
I0IUP4
I0J062
J3S6Y1
K7VLR4
K7WIZ6
K9JA28
K9M1U5
L0DSL2
L0N7N1
L0TC47
L8B068
M0R7Z9
M1VB40
M1VDX3
M5A8F1
M9NEY8
O00204
O00220
O00237
O00257
O00264
O00268
O00273
O00291
O00408
O00409
O00411
O00443
O00444
O00453
O00459
O00461
O00472
O00476
O00519
O00555
O00566
O00585
O00592
O00631
O00716
O00763
O00841
O01346
O01367
O01501
O01822
O02372
O04211
O05516
O06834
O06836
O07564
O07565
O07566
O08602
O08692
O08843
O14113
O14350
O14497
O14514
O14529
O14641
O14653
O14686
O14746
O14796
O14832
O14842
O14879
O14893
O14908
O14924
O14944
O14976
O14979
O15018
O15027
O15033
O15042
O15047
O15061
O15062
O15078
O15119
O15146
O15165
O15173
O15226
O15259
O15265
O15297
O15320
O15360
O15444
O15446
O15467
O15503
O15550
O15553
O16011
O16299
O16850
O16881
O17468
O18158
O18209
O18738
O22056
O22150
O22160
O22229
O22433
O22798
O22870
O22993
O23144
O23702
O24585
O24621
O24629
O24721
O24766
O29976
O31266
O31854
O31986
O31989
O32241
O32504
O33407
O33434
O34344
O34659
O35099
O35412
O35426
O35625
O42173
O42636
O42721
O43070
O43148
O43156
O43157
O43164
O43172
O43189
O43264
O43278
O43292
O43299
O43303
O43313
O43318
O43390
O43432
O43474
O43491
O43508
O43521
O43524
O43557
O43598
O43639
O43653
O43660
O43683
O43687
O43752
O43822
O43896
O43980
O44185
O44783
O45962
O46339
O48721
O48847
O48963
O49519
O49595
O52815
O54329
O54839
O54967
O57604
O58307
O60016
O60258
O60260
O60285
O60293
O60306
O60318
O60337
O60346
O60356
O60447
O60494
O60502
O60503
O60508
O60583
O60610
O60673
O60716
O60763
O60841
O60844
O60870
O60888
O60907
O60934
O61016
O61122
O61967
O64046
O64332
O64517
O64642
O64763
O66127
O69199
O70191
O70405
O73622
O74205
O74288
O74796
O74854
O75031
O75054
O75072
O75081
O75093
O75112
O75121
O75127
O75132
O75140
O75151
O75161
O75164
O75165
O75175
O75179
O75204
O75298
O75339
O75362
O75400
O75417
O75446
O75460
O75477
O75486
O75494
O75496
O75509
O75521
O75534
O75556
O75603
O75629
O75683
O75781
O75791
O75844
O75925
O75970
O76021
O76061
O76083
O76090
O76464
O76906
O77206
O77459
O80438
O80462
O80565
O80952
O81775
O82533
O84947
O87236
O87237
O87871
O88286
O88621
O88662
O88685
O93870
O93937
O94762
O94763
O94782
O94811
O94842
O94850
O94864
O94901
O94927
O94941
O94955
O94972
O94985
O94992
O95049
O95073
O95081
O95104
O95153
O95155
O95171
O95197
O95236
O95260
O95271
O95294
O95295
O95402
O95405
O95411
O95425
O95429
O95466
O95500
O95544
O95573
O95613
O95619
O95628
O95644
O95696
O95772
O95810
O95819
O95835
O95863
O95866
O95900
O95931
O95970
O95990
O95998
O95999
O96011
O96018
O96433
O96935
O97758
P00428
P00430
P00519
P00630
P01096
P01129
P01132
P01135
P01189
P01591
P01831
P01880
P02461
P02671
P02675
P02721
P02752
P02765
P02790
P02879
P02919
P03023
P03070
P03134
P03162
P03185
P03243
P03254
P03261
P03262
P03264
P03594
P03633
P03680
P03685
P03688
P03689
P03695
P03704
P03709
P03710
P03726
P03731
P03733
P03735
P03749
P03952
P04004
P04180
P04196
P04198
P04233
P04289
P04331
P04332
P04418
P04485
P04487
P04519
P04530
P04547
P04920
P05019
P05408
P05546
P05630
P05706
P05709
P06019
P06400
P06492
P06536
P06726
P06742
P06843
P07101
P07582
P07664
P07668
P07814
P08018
P08062
P08195
P08395
P08546
P08571
P08572
P08575
P08630
P08887
P08970
P08F94
P09038
P09052
P09083
P09152
P09208
P09246
P09310
P09326
P09417
P09425
P09496
P09543
P09546
P09619
P0C0L4
P0C242
P0C7P3
P0C7R1
P0C7U0
P0C8P9
P0CAZ0
P0CAZ1
P0CC17
P0CJ62
P0CK52
P0CW23
P0DJ42
P0DJ44
P0DJD3
P0DJI6
P0DJX1
P0DJZ0
P0DJZ2
P0DKH9
P0DKI0
P0DKJ1
P0DKJ2
P0DMC2
P0DME0
P10051
P10070
P10181
P10221
P10226
P10275
P10354
P10362
P10415
P10477
P10927
P10928
P10929
P10930
P11014
P11161
P11274
P11308
P11491
P11532
P11584
P11672
P11831
P12003
P12111
P12528
P12757
P12759
P12977
P12978
P12980
P13010
P13051
P13202
P13284
P13333
P13339
P13341
P13342
P13360
P13385
P13390
P13423
P13498
P13619
P13645
P13667
P13671
P13726
P13801
P13988
P13989
P14222
P14316
P14324
P14543
P14635
P14784
P14785
P14790
P14994
P15056
P15092
P15262
P15308
P15328
P15442
P15514
P15522
P15619
P15692
P15822
P15917
P15941
P15976
P16009
P16011
P16109
P16144
P16150
P16371
P16401
P16517
P16736
P16790
P16827
P16926
P16989
P17147
P17151
P17172
P17208
P17311
P17312
P17544
P17892
P17900
P18010
P18031
P18065
P18105
P18111
P18146
P18171
P18200
P18431
P18615
P18848
P18850
P18858
P19060
P19061
P19062
P19080
P19113
P19256
P19334
P19484
P19525
P19544
P19822
P19826
P19835
P19893
P20020
P20067
P20271
P20290
P20428
P20435
P20749
P20809
P20929
P20930
P20936
P21127
P21179
P21263
P21367
P21574
P21580
P21699
P21711
P21741
P21786
P21817
P21854
P21860
P22004
P22105
P22143
P22413
P22460
P22809
P22873
P22891
P22995
P23207
P23246
P23336
P23468
P23470
P23490
P23497
P23508
P23511
P23588
P23642
P23709
P23769
P23801
P23803
P23934
P24001
P24043
P24928
P24935
P24940
P25045
P25063
P25123
P25348
P25357
P25389
P25445
P25490
P25604
P25623
P25637
P25653
P25686
P25712
P25822
P25932
P25976
P26401
P26640
P26651
P26746
P26918
P26969
P27140
P27170
P27197
P27469
P27815
P27816
P27987
P28067
P28068
P28159
P28284
P28324
P28328
P28340
P28629
P28698
P28799
P28908
P28990
P29074
P29128
P29375
P29617
P29692
P30022
P30203
P30300
P30305
P30429
P30519
P30622
P30630
P30958
P31107
P31112
P31166
P31358
P31467
P31696
P31779
P31943
P32011
P32019
P32183
P32240
P32597
P32629
P32722
P33241
P33316
P33892
P33896
P33981
P34051
P34125
P34152
P34278
P34288
P34314
P34345
P34537
P34619
P34913
P34925
P34943
P35227
P35244
P35251
P35453
P35542
P35637
P35638
P35712
P35716
P35803
P36193
P36402
P36551
P36578
P36639
P36896
P36915
P37873
P37956
P38210
P38236
P38274
P38421
P38432
P38447
P38484
P38573
P38574
P38859
P38935
P39048
P39059
P39234
P39250
P39265
P39377
P39620
P39656
P40032
P40167
P40189
P40205
P40226
P40238
P40422
P40541
P40818
P40992
P41046
P41161
P41214
P41238
P41252
P41417
P41453
P41465
P41477
P41566
P41594
P41658
P41772
P41833
P41909
P41991
P41996
P42029
P42167
P42283
P42287
P42292
P42345
P42487
P42575
P42663
P42684
P42696
P42704
P42738
P43004
P43026
P43082
P43243
P43378
P43405
P43490
P43554
P43583
P45975
P46013
P46014
P46087
P46100
P46108
P46669
P46863
P46934
P46937
P46939
P46940
P46985
P47006
P47224
P47825
P47974
P48357
P48479
P48596
P48598
P48607
P48678
P48681
P48994
P49018
P49023
P49025
P49069
P49268
P49303
P49321
P49354
P49454
P49594
P49750
P49756
P49760
P49761
P49767
P49771
P49792
P49861
P49918
P49919
P50053
P50106
P50108
P50220
P50222
P50276
P50553
P50579
P50607
P50747
P50748
P50947
P50995
P51179
P51398
P51513
P51521
P51532
P51572
P51587
P51813
P51816
P51878
P52192
P52272
P52434
P52505
P52653
P52700
P52701
P52788
P52824
P52926
P53004
P53048
P53224
P53236
P53266
P53303
P53350
P53367
P53411
P53420
P53566
P53567
P53632
P53801
P53804
P53950
P53960
P53999
P54098
P54132
P54253
P54257
P54259
P54274
P54278
P54368
P54471
P54622
P54733
P54789
P54802
P54826
P54829
P55011
P55197
P55201
P55217
P55265
P55317
P55327
P55789
P55808
P55822
P55884
P56270
P56471
P56556
P56568
P56581
P56653
P56715
P57071
P57075
P57077
P57678
P57680
P57768
P58022
P58091
P58195
P58415
P58499
P58512
P58681
P59055
P59103
P59672
P60008
P60164
P60211
P60324
P61407
P61916
P64636
P68577
P68930
P70056
P70169
P70278
P70323
P70331
P70365
P70660
P74165
P74367
P76052
P76938
P77365
P77455
P77494
P77766
P78332
P78347
P78362
P78423
P78524
P78537
P78794
P79678
P79679
P80192
P80217
P81002
P81003
P81058
P81182
P81274
P81299
P81605
P81761
P82003
P82172
P82176
P82669
P82679
P82705
P82706
P82804
P82911
P82913
P82918
P82919
P82920
P82929
P83059
P83129
P83138
P83143
P83172
P83173
P83175
P83186
P83188
P83244
P83245
P83282
P83324
P83371
P83404
P83545
P83572
P83573
P83578
P83657
P83687
P83688
P83716
P83772
P83859
P83944
P83949
P84118
P84193
P84194
P84195
P84196
P84265
P84277
P84278
P84308
P84382
P84383
P84387
P84550
P84556
P84645
P84708
P84738
P84795
P84801
P84807
P84826
P84843
P84870
P84962
P84994
P84995
P85051
P85091
P85171
P85212
P85213
P85214
P85216
P85498
P85509
P85975
P86013
P86041
P86101
P86146
P86163
P86166
P86319
P86327
P86328
P86415
P86416
P86476
P86511
P86515
P86516
P86681
P86696
P86702
P86725
P86726
P86727
P86728
P86729
P86731
P86732
P86735
P86736
P86737
P86738
P86794
P86834
P86927
P87017
P87377
P89457
P91124
P91351
P91664
P92189
P93286
P93762
P95619
P95748
P96086
P97207
P97224
P97275
P97302
P97353
P97432
P97440
P97481
P97769
P97789
P97863
P98082
P98160
P98161
P98174
P98175
Q00278
Q00361
Q00613
Q00653
Q00733
Q00798
Q00799
Q00839
Q00869
Q00870
Q00958
Q01292
Q01301
Q01484
Q01524
Q01664
Q01804
Q01831
Q01844
Q01886
Q01955
Q02040
Q02206
Q02224
Q02241
Q02367
Q02368
Q02369
Q02371
Q02372
Q02373
Q02374
Q02375
Q02377
Q02379
Q02380
Q02446
Q02725
Q02827
Q02930
Q02948
Q02969
Q03001
Q03043
Q03060
Q03124
Q03131
Q03132
Q03157
Q03164
Q03173
Q03188
Q03209
Q03250
Q03468
Q03518
Q03701
Q03768
Q04344
Q04629
Q04861
Q04912
Q04947
Q05084
Q05086
Q05201
Q05209
Q05502
Q05516
Q05519
Q05652
Q05738
Q05752
Q05823
Q05996
Q05JY7
Q06190
Q06277
Q06385
Q06390
Q06401
Q06561
Q06615
Q06639
Q06945
Q07053
Q07065
Q07071
Q07266
Q07436
Q07617
Q07666
Q07837
Q07979
Q08002
Q08050
Q08170
Q08264
Q08345
Q08378
Q08379
Q08380
Q08465
Q08537
Q08580
Q08605
Q08696
Q08722
Q08775
Q08999
Q08AD1
Q08AG7
Q08DU8
Q08GK9
Q08IS0
Q09022
Q09122
Q09123
Q09142
Q09228
Q09274
Q09413
Q09500
Q09511
Q09553
Q09624
Q09666
Q09956
Q09969
Q09T02
Q09XV5
Q0C8M2
Q0D9V6
Q0DC89
Q0DF13
Q0GGX2
Q0H293
Q0J235
Q0J998
Q0JDA2
Q0KI50
Q0MWV8
Q0P6D6
Q0P9C8
Q0PNE2
Q0QLE9
Q0QLF7
Q0QWS4
Q0TR53
Q0VD83
Q0VZ70
Q0WNX9
Q0WP12
Q0Z8B6
Q0ZGT2
Q10021
Q10067
Q10223
Q10469
Q10711
Q10E50
Q10Q08
Q11002
Q11107
Q12123
Q12158
Q12184
Q12387
Q12769
Q12774
Q12788
Q12791
Q12797
Q12802
Q12830
Q12840
Q12841
Q12849
Q12873
Q12888
Q12912
Q12923
Q12929
Q12948
Q12952
Q12955
Q12962
Q12967
Q12968
Q12981
Q12986
Q13023
Q13057
Q13061
Q13094
Q13105
Q13127
Q13129
Q13145
Q13151
Q13164
Q13227
Q13263
Q13309
Q13330
Q13351
Q13393
Q13402
Q13425
Q13426
Q13427
Q13428
Q13435
Q13442
Q13459
Q13461
Q13470
Q13477
Q13490
Q13508
Q13546
Q13554
Q13586
Q13615
Q13625
Q13686
Q13823
Q13825
Q13873
Q13905
Q13936
Q13952
Q14008
Q14154
Q14162
Q14165
Q14188
Q14207
Q14296
Q14318
Q14393
Q14432
Q14498
Q14526
Q14527
Q14674
Q14678
Q14684
Q14692
Q146L7
Q14722
Q14764
Q14781
Q14789
Q14814
Q14865
Q14872
Q14966
Q14980
Q149C2
Q14AT2
Q14C86
Q14CM0
Q14CZ7
Q15003
Q15018
Q15021
Q15032
Q15041
Q15042
Q15051
Q15061
Q15075
Q15080
Q15118
Q15125
Q15276
Q15370
Q15386
Q15398
Q15427
Q15465
Q15468
Q15532
Q15544
Q15554
Q15572
Q15646
Q15648
Q15650
Q15696
Q15723
Q15811
Q15814
Q15834
Q15847
Q15942
Q16254
Q16270
Q16478
Q16637
Q16655
Q16666
Q16667
Q16676
Q16787
Q16790
Q16854
Q16891
Q17217
Q17307
Q17353
Q17RS7
Q17RY0
Q18086
Q18409
Q18685
Q18825
Q18879
Q18PE1
Q19203
Q19443
Q19849
Q1EMV2
Q1HVC7
Q1JUP5
Q1JUQ0
Q1KMD3
Q1L6U9
Q1LRY0
Q1MSJ5
Q1MW86
Q1PE49
Q1PEP5
Q1XG89
Q1ZZU3
Q20498
Q20561
Q20687
Q20938
Q21227
Q22292
Q22557
Q22560
Q22663
Q229Z6
Q22XZ3
Q230X8
Q23121
Q23794
Q23972
Q23977
Q23985
Q23AS2
Q23FE2
Q23MT7
Q24139
Q24141
Q24145
Q24180
Q24207
Q24211
Q24212
Q24312
Q24314
Q24352
Q24434
Q24437
Q24459
Q24478
Q24509
Q24563
Q24564
Q24573
Q24JP5
Q25460
Q25QX6
Q26366
Q26626
Q26635
Q27913
Q27954
Q27J81
Q28104
Q28205
Q28640
Q29983
Q29W19
Q2CEE3
Q2G0P7
Q2HR82
Q2KHM9
Q2L6E3
Q2LKX9
Q2LXU2
Q2M2I5
Q2M389
Q2M3C7
Q2MF66
Q2MFU6
Q2MV57
Q2NKJ3
Q2NKX8
Q2NL27
Q2PS26
Q2QAV0
Q2QGD7
Q2QNS6
Q2RI40
Q2TAK8
Q2TBA3
Q30HU9
Q30KQ6
Q32KD2
Q32M00
Q32MQ0
Q32MZ4
Q336N8
Q336R9
Q336V5
Q38087
Q38167
Q381A3
Q38504
Q38838
Q38847
Q38944
Q38AH0
Q39688
Q3B820
Q3E846
Q3E870
Q3E880
Q3EB59
Q3J1R2
Q3KNY0
Q3KR37
Q3LHL9
Q3LI64
Q3SX64
Q3SXY7
Q3SXY8
Q3SY69
Q3SYG4
Q3T040
Q3T906
Q3TCV3
Q3TES0
Q3TXX3
Q3U6Q4
Q3UFJ6
Q3UH66
Q3UHU5
Q3UJD6
Q3ULW6
Q3UUY6
Q3UV55
Q3V0J1
Q3YN09
Q3ZBI7
Q3ZCV2
Q40541
Q41364
Q42510
Q43125
Q43157
Q43386
Q45VV3
Q46506
Q46508
Q47157
Q47KB1
Q49A88
Q4AC94
Q4FQB7
Q4FZ76
Q4FZB7
Q4G0F8
Q4G148
Q4G2T3
Q4G338
Q4GWU5
Q4H4E3
Q4H4E4
Q4H4E7
Q4H4E9
Q4H4F0
Q4H4F3
Q4H4F5
Q4H4F7
Q4JC68
Q4KMP7
Q4PNI0
Q4QRL3
Q4QTJ2
Q4R1I4
Q4V328
Q4V3C1
Q4V9L6
Q4W382
Q4W815
Q4WZ64
Q4Z8K6
Q501J7
Q504Y2
Q50L39
Q51507
Q51817
Q52S86
Q53865
Q53EL6
Q53EZ4
Q53GL7
Q53H47
Q53HC0
Q53R41
Q53RT3
Q53TZ2
Q53U10
Q53U11
Q53WJ1
Q54809
Q54818
Q54JY7
Q54PT9
Q55215
Q553P5
Q55781
Q55D99
Q56185
Q562E7
Q562F6
Q56775
Q568P9
Q569H4
Q56F26
Q56Y74
Q57532
Q57571
Q57661
Q57749
Q58167
Q582G4
Q58327
Q58517
Q58576
Q58A45
Q58FF7
Q58FF8
Q59087
Q59118
Q59268
Q59327
Q59H18
Q59HJ6
Q5AQZ4
Q5AW25
Q5AZC8
Q5BAP5
Q5BKZ1
Q5C9Z4
Q5CPU3
Q5D1E8
Q5D869
Q5DU14
Q5E7H1
Q5EBM0
Q5EE01
Q5EPH2
Q5EU90
Q5EXX3
Q5F2C3
Q5F881
Q5FBB7
Q5FWF4
Q5FWH6
Q5GJ75
Q5H7N6
Q5H8A4
Q5HYA8
Q5I2B2
Q5IW40
Q5JD38
Q5JDJ7
Q5JIZ5
Q5JNJ5
Q5JPE7
Q5JR59
Q5JSZ5
Q5JTC6
Q5JTJ3
Q5JVS0
Q5JWF2
Q5K4L6
Q5K651
Q5K8R6
Q5KSN4
Q5LLW7
Q5LW89
Q5M614
Q5M750
Q5MJ70
Q5MJP5
Q5N712
Q5NTH4
Q5R2I8
Q5R3I4
Q5RHB5
Q5S007
Q5SF95
Q5SF96
Q5SK82
Q5SKT7
Q5SMU7
Q5SQN1
Q5SW45
Q5SXM2
Q5T0T0
Q5T1M5
Q5T230
Q5T2D3
Q5T3I0
Q5T447
Q5T5X7
Q5T7B8
Q5T8A7
Q5T8D3
Q5TAX3
Q5TB30
Q5TB80
Q5TBB1
Q5TCS8
Q5TCZ1
Q5TH69
Q5TWR9
Q5TZA2
Q5U349
Q5U430
Q5U5Q3
Q5U5Z8
Q5VCS6
Q5VQL3
Q5VT06
Q5VT25
Q5VTL8
Q5VU43
Q5VV17
Q5VV42
Q5VV67
Q5VW36
Q5VX71
Q5VYS8
Q5VZM2
Q5VZV1
Q5W0Q7
Q5W186
Q5W6R4
Q5W7C1
Q5W9R9
Q5XEN5
Q5XET5
Q5XF85
Q5XG87
Q5XXA9
Q5Y808
Q5YDB6
Q5Z5F2
Q5ZPR3
Q5ZR76
Q5ZRQ0
Q5ZSQ2
Q5ZSQ3
Q5ZXN5
Q5ZXN6
Q60346
Q60520
Q60636
Q60700
Q60760
Q60953
Q60997
Q61153
Q61221
Q61329
Q61473
Q61602
Q62009
Q62011
Q62233
Q62277
Q62288
Q62414
Q62417
Q62656
Q62881
Q63259
Q63520
Q63767
Q63934
Q63HQ0
Q63HR2
Q64124
Q64127
Q64151
Q64280
Q64337
Q64368
Q64467
Q64HC7
Q65202
Q65652
Q65DC4
Q66K89
Q66KE8
Q66LM6
Q66PJ3
Q66T02
Q673G8
Q67YC0
Q680Q4
Q681K7
Q685J3
Q68AP4
Q68CP4
Q68CZ1
Q68DX3
Q68FL4
Q68RJ5
Q69YN4
Q69ZM6
Q6A009
Q6ASY2
Q6AT90
Q6ATB4
Q6B0I6
Q6B9Z0
Q6BDI9
Q6DBA5
Q6DBQ1
Q6DD04
Q6DIB5
Q6DKK2
Q6DRC5
Q6E3K9
Q6EMK4
Q6F5E8
Q6F6B5
Q6FAX7
Q6G2A9
Q6H3X3
Q6H4G3
Q6HA09
Q6ID76
Q6ID77
Q6IE81
Q6IFV1
Q6IMN6
Q6IQ19
Q6IQ55
Q6J163
Q6J5K9
Q6K762
Q6KC79
Q6L6S1
Q6LZY8
Q6N021
Q6NKN9
Q6NLQ8
Q6NN85
Q6NNL3
Q6NPF4
Q6NQ99
Q6NRG6
Q6NSI4
Q6NT76
Q6NUQ1
Q6NUQ4
Q6P1N0
Q6P1S2
Q6P2D8
Q6P4R8
Q6P5S7
Q6P9B9
Q6PCD5
Q6PCE3
Q6PD62
Q6PDS0
Q6PGN9
Q6PGP7
Q6PI78
Q6PI98
Q6PJT7
Q6PJW8
Q6PK18
Q6PKG0
Q6Q0C0
Q6Q1R8
Q6QGD2
Q6QGD4
Q6QGD6
Q6QGD8
Q6QGD9
Q6QGE0
Q6QGE1
Q6QGE2
Q6QGE3
Q6QGE7
Q6QGE8
Q6QGF0
Q6QGH9
Q6QGJ4
Q6QGL2
Q6QGM3
Q6QGP4
Q6QGP7
Q6QHF9
Q6QHK4
Q6QNY0
Q6R0H1
Q6R327
Q6R567
Q6RCE1
Q6RG02
Q6RT24
Q6RUF5
Q6RYS9
Q6S5C2
Q6S8J3
Q6STH5
Q6SW81
Q6UB35
Q6UEF1
Q6ULP2
Q6UN15
Q6USK2
Q6UUV9
Q6UW32
Q6UWI2
Q6UWK7
Q6UWP7
Q6UWS5
Q6UX06
Q6UX73
Q6UXH0
Q6UXT8
Q6UXT9
Q6UXY8
Q6UY14
Q6WAU1
Q6WNG7
Q6XP49
Q6YHK3
Q6Z1Z3
Q6Z232
Q6Z4G3
Q6ZH92
Q6ZJ91
Q6ZMI0
Q6ZMJ4
Q6ZMM2
Q6ZMY3
Q6ZMZ3
Q6ZN18
Q6ZNA4
Q6ZNE5
Q6ZNJ1
Q6ZPB5
Q6ZRS2
Q6ZS10
Q6ZS62
Q6ZSB9
Q6ZTQ4
Q6ZU64
Q6ZVX7
Q6ZW49
Q6ZWH5
Q6ZWK4
Q6ZWR6
Q6ZXA0
Q702N8
Q704D2
Q704V3
Q70AN6
Q70M86
Q70UZ7
Q715L4
Q727P6
Q72EC8
Q72K16
Q76FK4
Q76FP5
Q76HM7
Q76I76
Q76L83
Q76LX8
Q76N32
Q76NQ1
Q79EC5
Q7A225
Q7AKG8
Q7BVH7
Q7CHH5
Q7CXI0
Q7F1K9
Q7F8T6
Q7JW27
Q7K175
Q7K1V5
Q7K3L1
Q7KRW1
Q7KRY6
Q7KRY7
Q7KSD8
Q7KTX8
Q7L0X0
Q7L1S5
Q7L2J0
Q7L3V2
Q7L4P6
Q7L5N7
Q7L804
Q7L8L6
Q7LFL8
Q7LFX5
Q7LGC8
Q7M290
Q7M3M8
Q7M6Y3
Q7MGG3
Q7PLI2
Q7Q2B7
Q7RTP6
Q7RTS3
Q7RTU4
Q7SXS7
Q7T3L1
Q7TMI3
Q7TMJ8
Q7TP54
Q7TPS5
Q7TPV4
Q7TSD4
Q7TSG1
Q7TSY8
Q7UC03
Q7WD07
Q7X6L2
Q7XAD0
Q7XBS0
Q7XJM2
Q7XK25
Q7XLY8
Q7XR61
Q7XYY2
Q7XZU3
Q7Y2C9
Q7Y5D9
Q7Y5N4
Q7YU81
Q7Z2C4
Q7Z2K6
Q7Z2W4
Q7Z2Z1
Q7Z333
Q7Z3B3
Q7Z3K3
Q7Z3S7
Q7Z3T8
Q7Z412
Q7Z417
Q7Z434
Q7Z443
Q7Z460
Q7Z478
Q7Z494
Q7Z4F1
Q7Z4H7
Q7Z4V0
Q7Z569
Q7Z591
Q7Z5J4
Q7Z5L0
Q7Z5L2
Q7Z5Q5
Q7Z628
Q7Z699
Q7Z6E9
Q7Z6J9
Q7Z739
Q7Z7K6
Q7Z7M0
Q7Z7M9
Q7ZXH9
Q800Y2
Q801X7
Q80HU0
Q80V72
Q80VC9
Q80VJ6
Q80VJ8
Q80W65
Q80WW9
Q80YE7
Q80Z19
Q80Z25
Q810M6
Q810S1
Q81SW4
Q82IZ1
Q83WF2
Q84JF0
Q84JF5
Q84JG5
Q84JU6
Q84L31
Q84LH3
Q84LH8
Q84MD8
Q84N29
Q84RK2
Q84VW5
Q84ZA1
Q858F5
Q86567
Q867Z4
Q868Z9
Q86BA1
Q86BY9
Q86H98
Q86LR2
Q86NH1
Q86PC9
Q86QI5
Q86S05
Q86SC0
Q86SE8
Q86SX6
Q86TB9
Q86TG1
Q86TG7
Q86TL2
Q86UE4
Q86UN3
Q86UR1
Q86UR5
Q86US8
Q86UX7
Q86V48
Q86VM9
Q86VQ3
Q86VV8
Q86VY4
Q86W42
Q86W50
Q86XJ1
Q86XN8
Q86XP1
Q86XR7
Q86XR8
Q86XZ4
Q86Y07
Q86Y13
Q86Y34
Q86Y38
Q86Y56
Q86Y91
Q86YC2
Q86YN6
Q86YP4
Q86YT9
Q86YZ3
Q87P32
Q88FX8
Q88FY1
Q88FY3
Q88J44
Q88JX5
Q88JX8
Q88JX9
Q89268
Q89FH0
Q89ZI2
Q8A1G2
Q8A1G3
Q8A947
Q8AVN9
Q8AXQ4
Q8BG87
Q8BHE3
Q8BI79
Q8BIY3
Q8BJS4
Q8BM65
Q8BMT4
Q8BP27
Q8BPY9
Q8BUV6
Q8BVA5
Q8BX57
Q8BX65
Q8BXQ2
Q8BZ64
Q8C0V1
Q8C7M3
Q8C7W7
Q8C8H8
Q8C9A2
Q8CBD1
Q8CDF7
Q8CDP0
Q8CFG0
Q8CFH6
Q8CFW7
Q8CGM2
Q8CHC8
Q8CHI5
Q8CHI8
Q8CIG3
Q8CWR6
Q8DPV9
Q8E9K5
Q8EJW4
Q8G6Z9
Q8G8B6
Q8G9F9
Q8GAH9
Q8GAK6
Q8GCH2
Q8GED9
Q8GFE2
Q8GHB2
Q8GI16
Q8GMH2
Q8GMH4
Q8GPH6
Q8GRC8
Q8GSP8
Q8GUC3
Q8GUU3
Q8GV50
Q8GVZ6
Q8GW31
Q8GWB7
Q8GWL1
Q8GXP1
Q8GXR9
Q8GY61
Q8GY89
Q8GYH7
Q8GYT9
Q8GYW8
Q8GZR2
Q8H0Z6
Q8H106
Q8H112
Q8H1F2
Q8H7N9
Q8H8C7
Q8HXG5
Q8I5R7
Q8I7Z8
Q8I8V0
Q8IE95
Q8IEF6
Q8IFW4
Q8IH24
Q8IL04
Q8IN94
Q8INB9
Q8INF0
Q8INF7
Q8INK6
Q8IQG1
Q8IR79
Q8IRJ8
Q8IRW8
Q8IS98
Q8ITC7
Q8IU54
Q8IUG5
Q8IUH3
Q8IUQ0
Q8IV04
Q8IV16
Q8IV48
Q8IV53
Q8IV76
Q8IVE3
Q8IVF7
Q8IVH8
Q8IVT5
Q8IW19
Q8IW35
Q8IWC1
Q8IWE5
Q8IWI9
Q8IWJ2
Q8IWL3
Q8IWT3
Q8IWU2
Q8IWZ8
Q8IX01
Q8IXJ9
Q8IXK0
Q8IXL6
Q8IXQ9
Q8IXT5
Q8IY21
Q8IY33
Q8IY57
Q8IY81
Q8IY92
Q8IYA6
Q8IYB4
Q8IYD8
Q8IYS5
Q8IYT2
Q8IYX7
Q8IZ20
Q8IZ83
Q8IZA0
Q8IZD4
Q8IZE3
Q8IZL2
Q8IZL8
Q8IZP9
Q8IZQ1
Q8IZQ5
Q8JFY4
Q8JHV9
Q8JIM3
Q8JIT7
Q8JPR2
Q8JSZ3
Q8K1L5
Q8K1M4
Q8K1Q4
Q8K2T8
Q8K382
Q8K450
Q8K4J6
Q8K558
Q8KDM7
Q8KHV6
Q8KLK5
Q8KLK7
Q8KQL6
Q8L3A9
Q8L3B1
Q8L3B3
Q8L4M1
Q8L627
Q8L719
Q8L7Y8
Q8L840
Q8L999
Q8LA53
Q8LBL5
Q8LCH5
Q8LGN1
Q8LPQ9
Q8LPS2
Q8ML70
Q8ML92
Q8MLV1
Q8MQJ9
Q8MR31
Q8MSS1
Q8MSU3
Q8MT06
Q8MUJ1
Q8MVA6
Q8N0U8
Q8N122
Q8N131
Q8N137
Q8N163
Q8N187
Q8N1G4
Q8N1N2
Q8N1N5
Q8N2G6
Q8N2Y8
Q8N302
Q8N336
Q8N365
Q8N394
Q8N3D4
Q8N3P4
Q8N3Y1
Q8N4C6
Q8N511
Q8N539
Q8N554
Q8N567
Q8N5F7
Q8N5U6
Q8N5Z5
Q8N653
Q8N668
Q8N684
Q8N693
Q8N6C5
Q8N6G5
Q8N6M6
Q8N726
Q8N841
Q8N865
Q8N884
Q8N895
Q8N8E3
Q8N983
Q8N9B5
Q8N9F0
Q8N9N2
Q8N9V6
Q8N9W6
Q8NA72
Q8NAF0
Q8NAN2
Q8NB91
Q8NBJ9
Q8NBQ7
Q8NC60
Q8NCA5
Q8NCD3
Q8NCE0
Q8NCE2
Q8NCN4
Q8NDD1
Q8NDT2
Q8NDV7
Q8NDX1
Q8NDX5
Q8NDZ2
Q8NDZ4
Q8NE71
Q8NE79
Q8NEN9
Q8NEP3
Q8NEV4
Q8NEV8
Q8NEV9
Q8NEY4
Q8NEY8
Q8NEZ2
Q8NEZ3
Q8NEZ4
Q8NFA0
Q8NFC6
Q8NFD5
Q8NFH4
Q8NFJ9
Q8NFT2
Q8NFT6
Q8NFT8
Q8NFU7
Q8NFZ0
Q8NG08
Q8NG31
Q8NG66
Q8NHG7
Q8NHH9
Q8NHM5
Q8NHP6
Q8NHV1
Q8NHV4
Q8NHV9
Q8NHY0
Q8NHY3
Q8NI17
Q8NI36
Q8NI51
Q8NI77
Q8NLB6
Q8NML3
Q8PQ45
Q8QGQ6
Q8QGQ8
Q8QGU6
Q8R0W1
Q8R1F1
Q8R1S4
Q8R2H5
Q8R4E9
Q8R550
Q8R5M4
Q8R5M8
Q8RM02
Q8RM03
Q8RMH6
Q8RWA2
Q8RWD5
Q8RWG2
Q8RWM3
Q8RWV8
Q8RWY6
Q8RXA7
Q8RXD3
Q8RXD4
Q8RXE8
Q8RXK2
Q8RXS1
Q8RYC8
Q8S8E3
Q8S905
Q8SAB7
Q8SCY1
Q8ST83
Q8SX83
Q8SYK5
Q8SZZ8
Q8T0D4
Q8T0S6
Q8T0W8
Q8T1G4
Q8T4F7
Q8T626
Q8T9R8
Q8TA86
Q8TAD8
Q8TAM2
Q8TAM6
Q8TAP9
Q8TAQ2
Q8TB24
Q8TBE0
Q8TBE7
Q8TBP0
Q8TBZ2
Q8TCJ2
Q8TCT0
Q8TCU4
Q8TCU6
Q8TD26
Q8TDC3
Q8TDD1
Q8TDL5
Q8TDQ0
Q8TDR0
Q8TDS5
Q8TDU6
Q8TE49
Q8TE85
Q8TEK3
Q8TEL6
Q8TEP8
Q8TEQ6
Q8TEU7
Q8TEW0
Q8TEY7
Q8TF01
Q8TF30
Q8TF40
Q8TF76
Q8TWU6
Q8U3K2
Q8UUJ9
Q8UVD9
Q8UVQ4
Q8VC66
Q8VCW4
Q8VDS3
Q8VHK5
Q8VHX6
Q8VI64
Q8VIM6
Q8VIP2
Q8VWG7
Q8VY07
Q8VY09
Q8VY88
Q8VYB1
Q8VYG0
Q8VYP9
Q8VYY5
Q8VZ20
Q8VZR0
Q8VZS8
Q8VZV9
Q8W103
Q8W104
Q8W1Y3
Q8W234
Q8W3Z1
Q8W453
Q8W4I6
Q8W4J3
Q8W583
Q8W5B1
Q8WPJ2
Q8WTV0
Q8WTW3
Q8WTX9
Q8WU43
Q8WUA2
Q8WUA7
Q8WUI4
Q8WUJ3
Q8WUM0
Q8WUT4
Q8WV16
Q8WV60
Q8WV92
Q8WVL7
Q8WVM0
Q8WVN6
Q8WW38
Q8WWF5
Q8WWK9
Q8WWN8
Q8WWQ0
Q8WWQ2
Q8WWR8
Q8WXA9
Q8WXD5
Q8WXE1
Q8WXG6
Q8WXH0
Q8WXI3
Q8WXI7
Q8WXS5
Q8WXW3
Q8WY41
Q8WY54
Q8WYA1
Q8WYB5
Q8WYL5
Q8WYQ5
Q8WYR4
Q8WZ64
Q8X1D8
Q8X229
Q8X482
Q8X5X6
Q8XIQ9
Q8Y5E4
Q8YK97
Q8ZQC8
Q90WW4
Q90WY5
Q91620
Q91848
Q91989
Q91V87
Q91VJ1
Q91VS8
Q91X05
Q91XV3
Q91Y44
Q91YD3
Q91ZE9
Q91ZP3
Q92172
Q92258
Q923Z4
Q92451
Q92522
Q92537
Q92538
Q92547
Q92562
Q92574
Q92613
Q92616
Q92621
Q92622
Q92630
Q92665
Q92667
Q92674
Q92692
Q92733
Q92738
Q92750
Q92793
Q92794
Q92802
Q92804
Q92830
Q92834
Q92841
Q92851
Q92854
Q92871
Q92896
Q92908
Q92911
Q92918
Q92985
Q92PC8
Q93073
Q93097
Q93246
Q93356
Q93560
Q93CA6
Q93LJ4
Q93NG3
Q93PS7
Q93QX0
Q93UV4
Q93V43
Q93V47
Q93V66
Q93VI4
Q93VJ2
Q93VK8
Q93VM9
Q93WP8
Q93YW7
Q93ZV7
Q940X9
Q94131
Q941A0
Q941A6
Q941C5
Q942X4
Q944H5
Q946J8
Q94A79
Q94AX2
Q94BV7
Q94C26
Q94CK9
Q94CL9
Q94EH8
Q94G16
Q94ID3
Q94KU2
Q95QD7
Q95RJ9
Q95RV2
Q95ST2
Q95SX8
Q95UN8
Q95US5
Q95XU6
Q95YM8
Q960N3
Q960T2
Q960V3
Q960Z0
Q961C9
Q961D9
Q96262
Q96318
Q965H3
Q969G3
Q969H0
Q969S3
Q969S6
Q969S8
Q96A56
Q96A59
Q96AG3
Q96AQ8
Q96B01
Q96B18
Q96BF3
Q96BF6
Q96BH1
Q96BN8
Q96BP2
Q96BP3
Q96BT3
Q96BY6
Q96C12
Q96C92
Q96CP2
Q96CW5
Q96D71
Q96D96
Q96DA0
Q96DB9
Q96DM3
Q96DN6
Q96DR5
Q96DU3
Q96DZ1
Q96DZ5
Q96E29
Q96E40
Q96E52
Q96EB6
Q96ED9
Q96EH3
Q96EK4
Q96EP0
Q96EP1
Q96EP5
Q96EU6
Q96EY7
Q96EZ8
Q96F24
Q96F86
Q96FC9
Q96FI4
Q96FJ0
Q96FV9
Q96G01
Q96G74
Q96G97
Q96GR4
Q96HA9
Q96HR8
Q96IP4
Q96IV0
Q96IY1
Q96IZ0
Q96JC9
Q96JE7
Q96JE9
Q96JG6
Q96JH7
Q96JI7
Q96JK9
Q96JM3
Q96K21
Q96KC8
Q96KP6
Q96L58
Q96L73
Q96L91
Q96L93
Q96LQ0
Q96LR2
Q96LT7
Q96LT9
Q96LW4
Q96M02
Q96M32
Q96MM3
Q96N67
Q96NA2
Q96NL6
Q96NW4
Q96P70
Q96P71
Q96PD2
Q96PV7
Q96PY6
Q96Q04
Q96Q11
Q96Q15
Q96Q42
Q96Q89
Q96QB1
Q96QC0
Q96QF0
Q96QR1
Q96QT6
Q96R06
Q96RF0
Q96RG2
Q96RP7
Q96RR4
Q96RT1
Q96RT7
Q96RT8
Q96RW7
Q96RY7
Q96S38
Q96S55
Q96S66
Q96S97
Q96SN8
Q96T21
Q96T23
Q96T37
Q96T58
Q96T68
Q96TA2
Q96WN6
Q96WV9
Q970L2
Q97D82
Q97TX9
Q97UA0
Q97W92
Q97YD4
Q98SV1
Q99102
Q99109
Q99490
Q99501
Q99549
Q99550
Q99551
Q99570
Q99572
Q99575
Q99590
Q99598
Q99607
Q99627
Q99640
Q99698
Q99700
Q99708
Q99728
Q99735
Q99871
Q99935
Q99942
Q99972
Q99996
Q99J72
Q99J93
Q99JY1
Q99LB7
Q99LM3
Q99MV5
Q99N50
Q99N80
Q99NA2
Q99PW8
Q99PX1
Q99R54
Q9A0T3
Q9AJE3
Q9AJU2
Q9AQS0
Q9AVB0
Q9BGI0
Q9BJZ5
Q9BLJ6
Q9BQA5
Q9BQG2
Q9BQI0
Q9BQI5
Q9BQI6
Q9BQS8
Q9BQY9
Q9BR39
Q9BRA0
Q9BRL6
Q9BRR9
Q9BRX8
Q9BRZ2
Q9BSI4
Q9BSJ8
Q9BSK4
Q9BT25
Q9BT49
Q9BTA9
Q9BTD8
Q9BTK6
Q9BTL4
Q9BTT0
Q9BTX1
Q9BU02
Q9BU70
Q9BU76
Q9BUB7
Q9BUL9
Q9BUQ8
Q9BUR4
Q9BUX1
Q9BV36
Q9BV73
Q9BVA6
Q9BVG8
Q9BVI0
Q9BVJ6
Q9BVN2
Q9BVS5
Q9BVV6
Q9BVV7
Q9BWF3
Q9BX66
Q9BX97
Q9BXC9
Q9BXF6
Q9BXH1
Q9BXI6
Q9BXJ9
Q9BXK5
Q9BXM0
Q9BXP8
Q9BXW6
Q9BXW9
Q9BY77
Q9BYD3
Q9BYE2
Q9BYE9
Q9BYG8
Q9BYP7
Q9BYR0
Q9BYW2
Q9BYX4
Q9BZF1
Q9BZH6
Q9BZI7
Q9BZJ0
Q9BZR6
Q9BZS1
Q9BZY9
Q9C000
Q9C099
Q9C0B1
Q9C0C2
Q9C0C9
Q9C0D2
Q9C0F1
Q9C0J8
Q9C0J9
Q9C4Z7
Q9C5S2
Q9C5W7
Q9C658
Q9C6B3
Q9C7F7
Q9C811
Q9C882
Q9C909
Q9C950
Q9C9K2
Q9C9Z9
Q9CA51
Q9CA59
Q9CAC4
Q9CAC5
Q9CAF6
Q9CR48
Q9CWR0
Q9CWU0
Q9CX56
Q9D1F4
Q9D2Y4
Q9D666
Q9D7K2
Q9D7S0
Q9D8V0
Q9D992
Q9D9J7
Q9D9U4
Q9D9V2
Q9D9W1
Q9DB00
Q9DBR4
Q9DBY5
Q9DE14
Q9DF36
Q9E6P2
Q9EPQ2
Q9EPS3
Q9EQ32
Q9EQQ0
Q9ER62
Q9ES28
Q9ES64
Q9ESL4
Q9ESN9
Q9ET47
Q9EY50
Q9F2F9
Q9F437
Q9F5K5
Q9F8T9
Q9FE22
Q9FF75
Q9FFD9
Q9FG14
Q9FGF6
Q9FGG1
Q9FH18
Q9FH40
Q9FHM5
Q9FHN8
Q9FHX8
Q9FI46
Q9FIG9
Q9FIJ7
Q9FIW9
Q9FJF4
Q9FJL4
Q9FJR0
Q9FJV5
Q9FJX5
Q9FKL2
Q9FKW0
Q9FL26
Q9FLH0
Q9FLZ5
Q9FMJ0
Q9FMP0
Q9FMV4
Q9FN50
Q9FNQ0
Q9FNR1
Q9FNY0
Q9FPR3
Q9FQ04
Q9FQ25
Q9FR53
Q9FRL5
Q9FT69
Q9FUR2
Q9FUY2
Q9FVQ4
Q9FVW4
Q9FX53
Q9FZA2
Q9GKY5
Q9GLW0
Q9GPJ1
Q9GQQ0
Q9GQV7
Q9GV36
Q9GV45
Q9GYV5
Q9GZR7
Q9GZT9
Q9GZU1
Q9GZV1
Q9GZV9
Q9GZY4
Q9GZY8
Q9GZZ8
Q9H074
Q9H078
Q9H089
Q9H0E7
Q9H0E9
Q9H0H0
Q9H0H5
Q9H0Z9
Q9H161
Q9H1A4
Q9H1I8
Q9H254
Q9H295
Q9H2A9
Q9H2F5
Q9H2G2
Q9H2M9
Q9H3D4
Q9H3N1
Q9H3P7
Q9H3Q1
Q9H3R5
Q9H410
Q9H422
Q9H497
Q9H4A3
Q9H4A6
Q9H4E7
Q9H4H8
Q9H4I2
Q9H4L4
Q9H4Z2
Q9H501
Q9H5L6
Q9H6D7
Q9H6E4
Q9H6E5
Q9H6U8
Q9H6X2
Q9H706
Q9H788
Q9H792
Q9H7D7
Q9H7P6
Q9H840
Q9H8H2
Q9H8L6
Q9H8N7
Q9H8V3
Q9H9B1
Q9H9C1
Q9H9D4
Q9H9H4
Q9H9S0
Q9H9S5
Q9HAU0
Q9HAU5
Q9HAW4
Q9HAZ2
Q9HB09
Q9HB20
Q9HB21
Q9HB65
Q9HB96
Q9HBA0
Q9HBD1
Q9HBE4
Q9HBG6
Q9HBG7
Q9HC23
Q9HC52
Q9HC62
Q9HC84
Q9HCD5
Q9HCE9
Q9HCH0
Q9HCI7
Q9HCL2
Q9HCM7
Q9HCN3
Q9HCP6
Q9HCU5
Q9HD15
Q9HD20
Q9HD23
Q9HDC9
Q9HG09
Q9HIN1
Q9HKT2
Q9HPR6
Q9HU05
Q9HVD1
Q9HVI1
Q9HXE4
Q9HXE9
Q9HZX3
Q9I0Q8
Q9I1K2
Q9I1X7
Q9I7H9
Q9I7I0
Q9I7U4
Q9IA88
Q9IK91
Q9JHF9
Q9JIH7
Q9JII1
Q9JIK1
Q9JJI6
Q9JJV7
Q9JKS6
Q9JL04
Q9JLU4
Q9JMD0
Q9KID9
Q9KJ20
Q9KL18
Q9KLR1
Q9KMV8
Q9KNX6
Q9KRL4
Q9KS12
Q9KS45
Q9KVG7
Q9KWL3
Q9L082
Q9L9E7
Q9L9F2
Q9LD44
Q9LDH0
Q9LDH1
Q9LFA2
Q9LFA5
Q9LG97
Q9LHF5
Q9LI64
Q9LIK0
Q9LJ87
Q9LJD8
Q9LJX4
Q9LKL2
Q9LKU2
Q9LL85
Q9LME6
Q9LPP4
Q9LQK0
Q9LR47
Q9LRB0
Q9LRB7
Q9LS48
Q9LSR8
Q9LTJ1
Q9LU64
Q9LU77
Q9LUG9
Q9LUI3
Q9LUJ3
Q9LUR0
Q9LW00
Q9LW31
Q9LX93
Q9LY09
Q9LY41
Q9LY50
Q9LY91
Q9LYB9
Q9LYD9
Q9LZ00
Q9LZ60
Q9LZI2
Q9LZP9
Q9M0K4
Q9M0V0
Q9M1G6
Q9M1H8
Q9M1J1
Q9M2S6
Q9M367
Q9M658
Q9M8T6
Q9M9F0
Q9M9S0
Q9M9Y4
Q9MA55
Q9MA75
Q9MAA2
Q9MB58
Q9N2M8
Q9N4V0
Q9NDJ2
Q9NH52
Q9NHD5
Q9NHE5
Q9NI63
Q9NL89
Q9NLA3
Q9NP62
Q9NP64
Q9NP78
Q9NP84
Q9NP98
Q9NPA0
Q9NPA1
Q9NPC1
Q9NPF0
Q9NPF8
Q9NPG4
Q9NPG8
Q9NPH5
Q9NPH9
Q9NPI8
Q9NPY3
Q9NQ38
Q9NQ50
Q9NQ55
Q9NQ79
Q9NQ90
Q9NQB0
Q9NQC3
Q9NQC7
Q9NQG5
Q9NQG7
Q9NQR1
Q9NQS1
Q9NQS7
Q9NQT8
Q9NQV8
Q9NQW8
Q9NQZ2
Q9NQZ3
Q9NR56
Q9NRA0
Q9NRA8
Q9NRG9
Q9NRH2
Q9NRI5
Q9NRL2
Q9NRM7
Q9NRN7
Q9NRR4
Q9NS18
Q9NS56
Q9NS61
Q9NS69
Q9NS86
Q9NSC2
Q9NSI6
Q9NSK7
Q9NSU2
Q9NTG7
Q9NU22
Q9NUA8
Q9NUD5
Q9NUP1
Q9NUQ3
Q9NUQ6
Q9NUS5
Q9NV70
Q9NV92
Q9NVA1
Q9NVH0
Q9NVN8
Q9NVR5
Q9NVW2
Q9NVX0
Q9NW13
Q9NW38
Q9NW75
Q9NWF9
Q9NWH9
Q9NWZ8
Q9NX09
Q9NX74
Q9NXF7
Q9NXG0
Q9NXU5
Q9NXV6
Q9NXW9
Q9NY27
Q9NY35
Q9NY97
Q9NYA1
Q9NYB9
Q9NYF0
Q9NYF8
Q9NYK5
Q9NYY8
Q9NZ09
Q9NZ20
Q9NZ52
Q9NZ53
Q9NZ56
Q9NZB2
Q9NZB8
Q9NZJ0
Q9NZJ9
Q9NZN4
Q9NZN8
Q9NZQ3
Q9NZU7
Q9P055
Q9P0K8
Q9P0M6
Q9P0W8
Q9P127
Q9P1Z0
Q9P1Z2
Q9P209
Q9P212
Q9P246
Q9P258
Q9P275
Q9P278
Q9P2C4
Q9P2D3
Q9P2E3
Q9P2H0
Q9P2K2
Q9P2K5
Q9P2K6
Q9P2K9
Q9P2L0
Q9P2N5
Q9P2N6
Q9P2P6
Q9P2R3
Q9P2W9
Q9P2Y4
Q9P2Y5
Q9P403
Q9PTD5
Q9PTD7
Q9PU13
Q9PW56
Q9PZT1
Q9QUK4
Q9QUM4
Q9QUS4
Q9QXC1
Q9QXW2
Q9QY02
Q9QYC3
Q9QZ04
Q9QZ59
Q9QZ85
Q9QZL6
Q9R0A5
Q9R109
Q9R1M7
Q9R1N3
Q9R5C6
Q9R803
Q9RBS0
Q9RBW7
Q9RC23
Q9RFR0
Q9RKY0
Q9RR44
Q9RT63
Q9RY80
Q9S2A5
Q9S3R9
Q9S745
Q9S752
Q9S9N6
Q9SB42
Q9SB51
Q9SDW0
Q9SEU6
Q9SEU7
Q9SF15
Q9SF47
Q9SFV2
Q9SFV7
Q9SGD2
Q9SGE2
Q9SGH2
Q9SGQ0
Q9SGS4
Q9SI52
Q9SIN5
Q9SIV5
Q9SIY3
Q9SIZ8
Q9SJ96
Q9SJF3
Q9SJW9
Q9SJZ6
Q9SKE0
Q9SKZ5
Q9SNB4
Q9SR02
Q9SR13
Q9SRD8
Q9SRH9
Q9SRK5
Q9SS47
Q9SSE9
Q9ST03
Q9STF2
Q9STP8
Q9STX1
Q9SU29
Q9SUG7
Q9SUM4
Q9SUQ8
Q9SUR3
Q9SVC4
Q9SVM8
Q9SVM9
Q9SX77
Q9SZ15
Q9SZ42
Q9SZH4
Q9TS33
Q9TW65
Q9TWW2
Q9U1N0
Q9U3V9
Q9U405
Q9U489
Q9U518
Q9U572
Q9U6A0
Q9U6B8
Q9U6L5
Q9UBC1
Q9UBF1
Q9UBF6
Q9UBG3
Q9UBI9
Q9UBK2
Q9UBK5
Q9UBL6
Q9UBN7
Q9UBV2
Q9UBV7
Q9UBV8
Q9UBW5
Q9UBY9
Q9UER7
Q9UF11
Q9UG22
Q9UGJ1
Q9UGM3
Q9UGP4
Q9UGP5
Q9UGR2
Q9UGU5
Q9UH92
Q9UHB6
Q9UHB7
Q9UHB9
Q9UHD2
Q9UHD8
Q9UHE8
Q9UHF7
Q9UHG0
Q9UHJ6
Q9UHK0
Q9UHR5
Q9UHW9
Q9UI56
Q9UIB8
Q9UIF9
Q9UIH9
Q9UJ41
Q9UJM3
Q9UJT2
Q9UJU5
Q9UJX0
Q9UJX3
Q9UJY5
Q9UK53
Q9UK61
Q9UK96
Q9UK97
Q9UKE5
Q9UKF7
Q9UKG1
Q9UKK3
Q9UKL0
Q9UKL3
Q9UKM7
Q9UKT4
Q9UKU9
Q9UKV3
Q9UKV5
Q9UKX5
Q9UKX7
Q9UKZ1
Q9UL49
Q9ULD4
Q9ULH0
Q9ULH7
Q9ULI0
Q9ULJ3
Q9ULL8
Q9ULT0
Q9ULT6
Q9ULW0
Q9UM54
Q9UM82
Q9UMX1
Q9UMY1
Q9UMZ3
Q9UN42
Q9UN81
Q9UN86
Q9UNH7
Q9UNN5
Q9UNS1
Q9UNW9
Q9UPM9
Q9UPN3
Q9UPP1
Q9UPS8
Q9UPT5
Q9UPU9
Q9UPV0
Q9UPW5
Q9UPY6
Q9UPZ9
Q9UQ35
Q9UQ84
Q9UQB8
Q9UQF2
Q9UQL6
Q9URQ5
Q9URU2
Q9UTR6
Q9UUN9
Q9UV63
Q9UVI4
Q9UW81
Q9UY84
Q9UZ62
Q9V1Z9
Q9V2V5
Q9V3D5
Q9V3I5
Q9V3W6
Q9V464
Q9V4A7
Q9V4C8
Q9V4P1
Q9V579
Q9V5M3
Q9V5M6
Q9V629
Q9V6K1
Q9V6Q2
Q9V727
Q9V730
Q9V877
Q9V8F5
Q9V8P9
Q9V8R9
Q9V8W3
Q9VA00
Q9VB08
Q9VC45
Q9VCI3
Q9VCU7
Q9VCU9
Q9VCX1
Q9VD73
Q9VD83
Q9VDW6
Q9VDY1
Q9VEI3
Q9VET0
Q9VEZ5
Q9VFP2
Q9VFS5
Q9VHA0
Q9VHP0
Q9VI75
Q9VIF5
Q9VIP8
Q9VIR2
Q9VJ07
Q9VJ79
Q9VJD3
Q9VJE5
Q9VJJ7
Q9VJQ5
Q9VKK1
Q9VLA2
Q9VLD6
Q9VM91
Q9VMA3
Q9VMJ7
Q9VN14
Q9VP22
Q9VPQ6
Q9VQ79
Q9VQD6
Q9VR17
Q9VRK8
Q9VRP9
Q9VS24
Q9VS48
Q9VS60
Q9VSK8
Q9VSL7
Q9VT65
Q9VTE0
Q9VU41
Q9VU84
Q9VUL9
Q9VUQ5
Q9VUX2
Q9VUX3
Q9VUY8
Q9VV74
Q9VVF7
Q9VVI2
Q9VVI3
Q9VVS4
Q9VVX3
Q9VW47
Q9VW51
Q9VW97
Q9VWF2
Q9VWS4
Q9VWU1
Q9VWV9
Q9VWW0
Q9VWY6
Q9VXE5
Q9VXE6
Q9VXG1
Q9VXN9
Q9VXY7
Q9VY99
Q9VYB0
Q9VYN8
Q9VYS4
Q9VZU2
Q9VZW5
Q9VZZ9
Q9W0G1
Q9W0K7
Q9W123
Q9W157
Q9W1A4
Q9W1L5
Q9W1R4
Q9W1R5
Q9W1X4
Q9W252
Q9W261
Q9W266
Q9W2E1
Q9W349
Q9W358
Q9W3F7
Q9W3W5
Q9W420
Q9W4E2
Q9W4S7
Q9W4Y2
Q9W539
Q9W552
Q9W589
Q9W596
Q9W7R5
Q9WUU8
Q9WYH1
Q9X113
Q9X1N5
Q9XC60
Q9XDM4
Q9XF89
Q9XFJ8
Q9XH46
Q9XI36
Q9XIC7
Q9XII1
Q9XIN7
Q9XSC9
Q9XTW2
Q9XTY6
Q9XV66
Q9XYP7
Q9XYP8
Q9XYT4
Q9XZ08
Q9XZI6
Q9Y117
Q9Y1I2
Q9Y227
Q9Y232
Q9Y238
Q9Y252
Q9Y253
Q9Y256
Q9Y2F5
Q9Y2H2
Q9Y2I7
Q9Y2I9
Q9Y2K1
Q9Y2M2
Q9Y2R2
Q9Y2W1
Q9Y2W2
Q9Y2X0
Q9Y2X9
Q9Y2Z2
Q9Y2Z4
Q9Y383
Q9Y3A3
Q9Y3A4
Q9Y3E1
Q9Y3P8
Q9Y3P9
Q9Y3Q4
Q9Y3R5
Q9Y3S1
Q9Y448
Q9Y467
Q9Y483
Q9Y4A5
Q9Y4B6
Q9Y4C5
Q9Y4C8
Q9Y4E5
Q9Y4I1
Q9Y4P3
Q9Y4P8
Q9Y4Z2
Q9Y520
Q9Y561
Q9Y580
Q9Y5B0
Q9Y5J1
Q9Y5K5
Q9Y5K6
Q9Y5M8
Q9Y5W3
Q9Y5W8
Q9Y5X1
Q9Y5Z4
Q9Y5Z7
Q9Y606
Q9Y613
Q9Y618
Q9Y653
Q9Y657
Q9Y679
Q9Y6D9
Q9Y6G9
Q9Y6J0
Q9Y6J9
Q9Y6K1
Q9Y6M1
Q9Y6N7
Q9Y6Q2
Q9Y6R4
Q9Y6R7
Q9Y6R9
Q9Y6W5
Q9Y6Y8
Q9Y794
Q9Y7C8
Q9Y7D1
Q9Y7D5
Q9Y871
Q9Z131
Q9Z148
Q9Z1R2
Q9Z1S0
Q9Z1T5
Q9Z273
Q9Z2E2
Q9Z2E4
Q9Z2Z3
Q9ZB73
Q9ZES5
Q9ZGH1
Q9ZKJ5
Q9ZN78
Q9ZNX9
Q9ZPX9
Q9ZPY1
Q9ZQF9
Q9ZSM8
Q9ZST4
Q9ZT71
Q9ZUZ3
Q9ZV87
Q9ZVD0
Q9ZW84
R4ZGN4
S0HPF7
T2G6Z9
T2G899
U3KRF2
U3NEE3
W5EP13
A0MES8
A0R3R7
A1L1I3
A2AC93
A2ASS6
A6MHQ4
A6X935
A8MQ27
D0EL35
D3IUT5
D9N129
F4IHS2
F4JF21
F4JNB7
F4JPR7
F4JZG9
F4K265
F4KDH9
H9IWW7
O00311
O04023
O04492
O04547
O09116
O13795
O14261
O14917
O15273
O16785
O18381
O22161
O22208
O22921
O22929
O23654
O24646
O32062
O35147
O35254
O43147
O43281
O43561
O43734
O44445
O45406
O48533
O49429
O54885
O59671
O60053
O60132
O60237
O60294
O60333
O65020
O70133
O74304
O74381
O74531
O74991
O75143
O75334
O75445
O75807
O76187
O76337
O80452
O80683
O80796
O81058
O81316
O81833
O82170
O82798
O88738
O93614
O94334
O94532
O95208
O95487
O95677
O95727
O96690
P00451
P00522
P02808
P02866
P04489
P06663
P06931
P07207
P07663
P07766
P08138
P08169
P08953
P09081
P09615
P09693
P09727
P0C024
P0C0T2
P10041
P10300
P11420
P11686
P12611
P13677
P14599
P15172
P15330
P15379
P16112
P16157
P16554
P16749
P16912
P17133
P17789
P18091
P18168
P18852
P19538
P20153
P20439
P21521
P22682
P24869
P25439
P25591
P25724
P26675
P28466
P31335
P31621
P32418
P32591
P32641
P32832
P32844
P32927
P33450
P33748
P34021
P34425
P34478
P34707
P35056
P35658
P36041
P36613
P36630
P36941
P37817
P37963
P37968
P38297
P39151
P39692
P39769
P39793
P40469
P40797
P41958
P42226
P42573
P46821
P47068
P49021
P49418
P49450
P49753
P50535
P51140
P51514
P52747
P53041
P53628
P53843
P54350
P55042
P55089
P55824
P70315
P70338
P78559
P78955
P79005
P84634
P84996
P87060
P87061
P90794
P91641
P91682
P94077
P97764
P98081
P98172
Q00342
Q00IB6
Q01467
Q01714
Q01962
Q02388
Q02817
Q02952
Q03017
Q03327
Q04584
Q04727
Q04741
Q05192
Q05469
Q06263
Q06512
Q06672
Q06AN9
Q06BR1
Q07868
Q08289
Q08686
Q09377
Q0WNW4
Q10038
Q10QA2
Q12017
Q12224
Q12443
Q12866
Q13114
Q13233
Q13253
Q13323
Q13542
Q13627
Q13635
Q13751
Q15643
Q15726
Q15750
Q15853
Q16611
Q16671
Q17308
Q17635
Q19272
Q19345
Q1AGV6
Q1PFA4
Q20745
Q21691
Q21776
Q21952
Q22639
Q22756
Q23064
Q23529
Q24087
Q24306
Q24423
Q24JK4
Q27272
Q27365
Q27934
Q29Q26
Q2QM00
Q2QR54
Q2RSB3
Q2WG80
Q38906
Q39096
Q3E9I4
Q3ECD6
Q3ECH9
Q3ECU1
Q3KR16
Q3LRZ3
Q3UU41
Q3YBR2
Q495M9
Q4KMG0
Q54QQ1
Q56061
Q56YJ8
Q56ZI2
Q58L90
Q59E36
Q5FVM4
Q5HYK7
Q5HZ36
Q5JTD0
Q5JY77
Q5T7V8
Q5TC12
Q5XIL8
Q5XPJ6
Q5XPJ9
Q61037
Q61315
Q61584
Q62077
Q62187
Q62388
Q63625
Q63850
Q63ZW7
Q64028
Q68CZ2
Q6A332
Q6AWX6
Q6DFV5
Q6DGL7
Q6EVK6
Q6GTX8
Q6GYQ0
Q6H7J5
Q6IWB2
Q6NPL9
Q6NSJ2
Q6P0Q8
Q6PDN3
Q6VY07
Q6WKW9
Q6ZT07
Q717R9
Q71SY5
Q75QN2
Q75RY2
Q7JUY7
Q7K480
Q7KN79
Q7L190
Q7SZL5
Q7TPH6
Q7X9I0
Q7XTV7
Q7Y175
Q7Y1W1
Q7Z4V5
Q7Z6M4
Q80WQ8
Q810U3
Q84JE8
Q84JZ6
Q84RD1
Q84TI3
Q86B87
Q86BJ3
Q86TI0
Q86UW6
Q86WB0
Q86X10
Q8BGT6
Q8BH60
Q8BZM1
Q8C310
Q8CBW3
Q8CD54
Q8CGN4
Q8GUP1
Q8GW78
Q8GXB3
Q8GYD9
Q8GYJ3
Q8GZ79
Q8H1D4
Q8H1D7
Q8H1E4
Q8H1U4
Q8I8U6
Q8I8W7
Q8IPH9
Q8IV31
Q8IVM0
Q8IWB6
Q8K1S2
Q8K214
Q8K2C7
Q8L540
Q8L5U0
Q8L649
Q8L7F7
Q8LBP4
Q8LFL4
Q8LJT8
Q8LL04
Q8LPR8
Q8LPR9
Q8N114
Q8N157
Q8N5T2
Q8N8S7
Q8N9R8
Q8NBJ4
Q8NFH8
Q8NFW9
Q8NG41
Q8R054
Q8R316
Q8RP17
Q8RY18
Q8RY59
Q8S8P5
Q8STF6
Q8SY33
Q8TB45
Q8TBC4
Q8TDY2
Q8VY05
Q8VY16
Q8VYA5
Q8VYC8
Q8VYI5
Q8W191
Q8W261
Q8W4K5
Q8WU20
Q8WWG9
Q8WXE9
Q8WXG9
Q91572
Q92266
Q92599
Q93VQ0
Q93XX2
Q93YN4
Q940U6
Q944A6
Q94527
Q94547
Q949Q5
Q949W6
Q94BP0
Q94C69
Q95RR8
Q95SP2
Q96288
Q96AP0
Q96HJ5
Q96J92
Q96KN7
Q96PE3
Q96PV6
Q96RU3
Q96S15
Q99558
Q99750
Q99FX5
Q99MQ1
Q99PT3
Q9BTV4
Q9BXW4
Q9BYV6
Q9BZF9
Q9C633
Q9C7F9
Q9C865
Q9CAD5
Q9D9X8
Q9DGN1
Q9ERE9
Q9ES52
Q9FEE2
Q9FGW9
Q9FJD4
Q9FJW6
Q9FM19
Q9FMC2
Q9FMD5
Q9FPW4
Q9FUA4
Q9FUD3
Q9FV70
Q9FWX2
Q9FXA2
Q9FY48
Q9H1K0
Q9H1Z9
Q9H2D6
Q9H6Z4
Q9H8E8
Q9HAQ2
Q9JJ11
Q9JJY4
Q9LD95
Q9LDK9
Q9LF24
Q9LG05
Q9LKA5
Q9LM46
Q9LNP9
Q9LP46
Q9LQZ7
Q9LSE2
Q9LT31
Q9LTT8
Q9LU01
Q9LU39
Q9LUB7
Q9LX99
Q9LXG5
Q9LXU0
Q9LXW7
Q9LYA9
Q9LZ08
Q9M0N8
Q9M548
Q9M9G6
Q9MBA2
Q9NB71
Q9NFU0
Q9NJG9
Q9NPB6
Q9NPJ1
Q9NQ30
Q9NR80
Q9NWK9
Q9NWQ8
Q9NZJ7
Q9NZN5
Q9NZV5
Q9P2R6
Q9P2W3
Q9P7W4
Q9PT60
Q9PTG8
Q9QXS1
Q9QZM0
Q9QZS2
Q9QZS3
Q9S7W5
Q9SB64
Q9SCZ4
Q9SE97
Q9SEU4
Q9SFD8
Q9SHJ6
Q9SJH0
Q9SJN0
Q9SJQ6
Q9SJU9
Q9SL05
Q9SMN1
Q9SMV7
Q9SP32
Q9SRV1
Q9SU08
Q9SU25
Q9SUI4
Q9SUP6
Q9SX27
Q9SXL4
Q9SZP1
Q9T0G7
Q9U1H9
Q9U6M0
Q9UBF9
Q9UDY2
Q9UHC1
Q9ULJ7
Q9UNY4
Q9UPN6
Q9UQ90
Q9USU3
Q9V3C1
Q9V4Z9
Q9V853
Q9V9W8
Q9VA38
Q9VAN6
Q9VCR6
Q9VD44
Q9VDG2
Q9VH90
Q9VJ87
Q9VJN5
Q9VJS8
Q9VQE7
Q9VWE0
Q9VY77
Q9W0K0
Q9W7C5
Q9WVL2
Q9XF04
Q9XI07
Q9XI46
Q9XTN2
Q9XWQ1
Q9XZL8
Q9Y0H4
Q9Y2J2
Q9Y3R0
Q9Y446
Q9Y4D7
Q9Y5A7
Q9Y5P8
Q9ZPE4
Q9ZVC2
A0JPF9
A0R152
A0R4Z6
A0R666
A1Z9R4
A2AQ19
A2AVJ5
A2BGM5
A2RT67
A4F7P5
A4FVP6
A4GZV0
A5F660
A7SFB5
A7Y7W3
A8CVX7
A8K010
A8MQA5
A9LS46
B0F481
B1Q257
B2RI48
B2RLI7
B2RQL2
B2ZX90
B5BT18
B5BUZ8
B6DMK2
B6TYV8
B6TZ45
B8PYG1
D0Z5N4
E7F211
E9Q3L2
F1Q506
F1Q8W0
F1QZ88
F1R4Y7
F1RA39
F4I878
F4I9E1
F4IP69
F4IYM4
F4J4C8
F4JYG0
F7DP49
F8S296
G5EBL2
G5EED4
I6V1W0
O01326
O06581
O15318
O22227
O34162
O34939
O43427
O45797
O46043
O48582
O55100
O60524
O61460
O61735
O62301
O64728
O65704
O73823
O74252
O77086
O80877
O81472
O84944
O88728
O88792
O95267
O95789
P05997
P07648
P09085
P0A9U6
P0CB65
P0CK98
P14083
P19532
P19650
P20009
P20350
P20792
P21190
P22810
P25359
P26630
P27398
P28750
P29340
P29349
P29506
P29555
P34230
P34482
P34544
P35546
P36188
P37906
P38307
P40071
P40350
P40589
P41225
P42698
P43779
P45897
P46551
P47147
P49744
P49763
P50488
P51611
P51957
P54360
P54816
P56645
P57078
P58390
P58751
P59047
P70259
P71073
P76077
P76078
P76079
P76080
P76081
P76086
P81928
P85120
P86839
P90895
P96856
P97361
P97499
P98153
Q01433
Q02260
Q03345
Q03412
Q04164
Q04787
Q07292
Q07540
Q07763
Q07800
Q08A72
Q09293
Q09423
Q09459
Q09499
Q09990
Q09996
Q0J7V9
Q0VZ69
Q0WPF2
Q10PQ9
Q10RP4
Q11094
Q11099
Q12208
Q15256
Q15326
Q15517
Q17374
Q17381
Q17990
Q18446
Q19825
Q20010
Q21029
Q21230
Q22197
Q22236
Q23045
Q23356
Q24119
Q24174
Q24238
Q24256
Q24498
Q24535
Q27324
Q27395
Q27IK6
Q27IK7
Q2EG98
Q2V3I3
Q2VIQ3
Q3TSG4
Q3U145
Q3UG20
Q41058
Q43349
Q4KMQ1
Q4KWZ7
Q52462
Q56Y52
Q588V7
Q5NCP0
Q5RFW2
Q5RHD1
Q5RIX9
Q5SQI0
Q5T011
Q5T1H1
Q5T481
Q5TYW4
Q62130
Q62386
Q65G33
Q66GP9
Q66GQ6
Q69XJ4
Q69ZR2
Q6DRL4
Q6DVA0
Q6F7F9
Q6FFS6
Q6GNW0
Q6GQN0
Q6PAW2
Q6PDK2
Q6PFX2
Q6PRD1
Q6R891
Q6XQ84
Q6XR72
Q6ZFZ4
Q6ZMH5
Q6ZQ88
Q70PP2
Q75JK0
Q766Z3
Q7F8U7
Q7KHG2
Q7T3I0
Q7TMA2
Q7TT37
Q7TXL6
Q7TXL8
Q7TXM0
Q7X281
Q7X6Y7
Q7XZF5
Q7ZV84
Q80UF4
Q84R36
Q84VQ4
Q84W66
Q84XV2
Q86B61
Q86DA5
Q86GV3
Q86LG1
Q86SQ0
Q86SQ4
Q86U86
Q86UU1
Q87B49
Q8AYG3
Q8BLY1
Q8BRM6
Q8BW41
Q8BY87
Q8C0T0
Q8C6S9
Q8CCN1
Q8CEE6
Q8CIW5
Q8EJI6
Q8H0V5
Q8H1D2
Q8I4N4
Q8I7F8
Q8I7I5
Q8IMA8
Q8IN81
Q8INR6
Q8IZP1
Q8J0F0
Q8JI10
Q8K3P1
Q8L8A5
Q8L9A0
Q8LAL0
Q8LDF9
Q8LEA0
Q8LEZ4
Q8LHH9
Q8LLV8
Q8N392
Q8N4Y2
Q8N9U0
Q8NB90
Q8R1H8
Q8S4F6
Q8S9H7
Q8SYG2
Q8TC07
Q8TDG4
Q8TUC0
Q8TUC1
Q8VYP0
Q8VZT8
Q8W1Y0
Q8W4D8
Q8WSF3
Q8WTC1
Q90X44
Q92734
Q92786
Q93212
Q93352
Q93380
Q93971
Q93ZJ3
Q94125
Q94918
Q94K80
Q95N27
Q95Q95
Q95SX7
Q95YD4
Q966L8
Q968Y9
Q96F81
Q96QT4
Q98325
Q98TA5
Q99JG7
Q9BMN8
Q9BT04
Q9BT76
Q9C9Q4
Q9CAH0
Q9CAX8
Q9CQJ0
Q9CYC6
Q9D1N2
Q9D3J8
Q9DBH5
Q9DE09
Q9FDX8
Q9FHM4
Q9FIN7
Q9FJ57
Q9FKA9
Q9FMV5
Q9FYL8
Q9H329
Q9H6P5
Q9HUI8
Q9JHJ8
Q9JI10
Q9KVG9
Q9LFR0
Q9LS90
Q9LSI7
Q9LT82
Q9LV03
Q9M001
Q9M3B4
Q9M682
Q9MA17
Q9MAH1
Q9N3Q4
Q9N4M4
Q9NBD7
Q9NBX5
Q9NP08
Q9NQW6
Q9NQY0
Q9P2K8
Q9QZS7
Q9R0G7
Q9R233
Q9RX92
Q9SFG6
Q9SGH6
Q9SMR2
Q9SMS0
Q9SNW8
Q9SR17
Q9SRU2
Q9SSW2
Q9STS7
Q9SV87
Q9SY59
Q9SYM5
Q9T0A4
Q9U297
Q9U2M5
Q9U4H5
Q9UBT6
Q9UMN6
Q9UNN4
Q9V3L1
Q9V3Q6
Q9V4M2
Q9V574
Q9V5N8
Q9V6G5
Q9VDE5
Q9VF30
Q9VG55
Q9VGP2
Q9VGX3
Q9VH89
Q9VIQ9
Q9VIS1
Q9VJD2
Q9VK71
Q9VMA7
Q9VNE2
Q9VNJ5
Q9VP05
Q9VPH2
Q9VPW1
Q9VQU9
Q9VR07
Q9VT28
Q9VT51
Q9VTC2
Q9VTH4
Q9VTI8
Q9VVH3
Q9VVR1
Q9VVT5
Q9VVU5
Q9VZZ4
Q9W0Y6
Q9W1W9
Q9W2Q7
Q9W517
Q9W568
Q9W5E0
Q9W705
Q9W769
Q9W7E8
Q9WTP9
Q9WUP0
Q9XWJ1
Q9Y2K7
Q9Y385
Q9Y4D8
Q9Z0F1
Q9Z0L2
Q9Z1T1
Q9Z2A0
Q9Z319
Q9ZAU2
Q9ZJ31
Q9ZN40
Q9ZQ47
Q9ZSL6
Q9ZU93
U3JAG9
F4ITL6
G5EFF5
O18696
O80560
O97159
P16449
P30645
P34295
P37237
P91119
Q16581
Q18312
Q3E7B6
Q5BPF3
Q7Y1C4
Q8H2D5
Q8I0P7
Q8LLD0
Q95YF0
Q9FFJ3
Q9P4U6
Q9PUK5
Q9S7G6
Q9SBB2
Q9SR34
Q9Y0A1
M1GL27
O01395
O15370
O22808
O46341
O48837
O55006
O76879
O81208
P02686
P15648
P15649
P22807
P35556
P46500
P57074
P78560
P79263
P81067
Q04864
Q06003
Q0J9J6
Q16378
Q19408
Q22720
Q39089
Q3UYG8
Q53M11
Q5D862
Q5TCY1
Q67X83
Q6K7E9
Q6Z8P4
Q7EZ57
Q7XUW5
Q80WJ1
Q8CGW4
Q8GXU5
Q8MLZ5
Q8RWS1
Q8TC36
Q8VZG2
Q924X6
Q943E9
Q94BS8
Q99759
Q9BR10
Q9BXT6
Q9DA79
Q9FNH6
Q9FT74
Q9FZ84
Q9GZC8
Q9H633
Q9HBJ0
Q9JM58
Q9LPL5
Q9LU05
Q9LVJ0
Q9M7I9
Q9N2P6
Q9P2F5
Q9PT68
Q9RXI7
Q9RYE6
Q9SCS6
Q9SCS7
Q9SJ02
Q9SXA6
Q9UL36
Q9V8Y2
Q9W0K4
Q9ZV43
A8YXZ8
O09209
P35225
P41043
P47928
P78424
P84798
Q01214
Q291K8
Q3T0X9
Q80X44
Q870J1
Q8WXI4
Q96FS4
Q9NL82
Q9TXD9
Q9V6X7
Q9VTJ4
A0A086F3E3
A1L4V7
A8JNV4
B1VTI4
O43638
O46203
O46227
P02844
P09564
P22083
P31629
P35526
P42212
P53370
P56518
P83266
P98088
Q05022
Q05682
Q07283
Q0KI28
Q13261
Q15652
Q3UPF5
Q4G0N0
Q55434
Q5SZL2
Q6MZN7
Q6V1X1
Q8JZX4
Q8L5Z7
Q8TUS2
Q96MU8
Q96QS1
Q9BWW7
Q9BY84
Q9BZ71
Q9GNK5
Q9H1M4
Q9H293
Q9H2A7
Q9H3H1
Q9HBE1
Q9HCN2
Q9NR83
Q9NS25
Q9NZH6
Q9NZH7
Q9NZI7
Q9NZS2
Q9P286
Q9UDV7
Q9UHD0
Q9UP52
Q9V3R1
Q9W0V1
Q9Y458
S5VBU1
